Arguments: 
  /usr/local/Cellar/node/7.4.0/bin/node /usr/local/Cellar/yarn/1.2.1/libexec/bin/yarn.js add -D babel-core babel-plugin-external-helper babel-preset-latest babel-preset-react babel-preset-stage-1

PATH: 
  /usr/local/bin:/usr/bin:/bin:/usr/sbin:/sbin

Yarn version: 
  1.2.1

Node version: 
  8.11.1

Platform: 
  darwin x64

npm manifest: 
  {
    "name": "react-ui-kit",
    "version": "1.0.0",
    "description": "",
    "main": "index.js",
    "scripts": {
      "test": "echo \"Error: no test specified\" && exit 1"
    },
    "repository": {
      "type": "git",
      "url": "git+https://github.com/andresin87/react-ui-kit.git"
    },
    "keywords": [],
    "author": "Andrés Lucas <alucas@redpoints.com>",
    "license": "ISC",
    "bugs": {
      "url": "https://github.com/andresin87/react-ui-kit/issues"
    },
    "homepage": "https://github.com/andresin87/react-ui-kit#readme",
    "peerDependencies": {
      "react": "^16.3.2",
      "react-dom": "^16.3.2",
      "react-proptypes": "^1.0.0"
    },
    "devDependencies": {
    }
  }

yarn manifest: 
  No manifest

Lockfile: 
  # THIS IS AN AUTOGENERATED FILE. DO NOT EDIT THIS FILE DIRECTLY.
  # yarn lockfile v1
  
  
  asap@~2.0.3:
    version "2.0.6"
    resolved "https://nexus.rdpnts.com/repository/npm-group/asap/-/asap-2.0.6.tgz#e50347611d7e690943208bbdafebcbc2fb866d46"
  
  core-js@^1.0.0:
    version "1.2.7"
    resolved "https://nexus.rdpnts.com/repository/npm-group/core-js/-/core-js-1.2.7.tgz#652294c14651db28fa93bd2d5ff2983a4f08c636"
  
  encoding@^0.1.11:
    version "0.1.12"
    resolved "https://nexus.rdpnts.com/repository/npm-group/encoding/-/encoding-0.1.12.tgz#538b66f3ee62cd1ab51ec323829d1f9480c74beb"
    dependencies:
      iconv-lite "~0.4.13"
  
  fbjs@^0.8.16:
    version "0.8.16"
    resolved "https://nexus.rdpnts.com/repository/npm-group/fbjs/-/fbjs-0.8.16.tgz#5e67432f550dc41b572bf55847b8aca64e5337db"
    dependencies:
      core-js "^1.0.0"
      isomorphic-fetch "^2.1.1"
      loose-envify "^1.0.0"
      object-assign "^4.1.0"
      promise "^7.1.1"
      setimmediate "^1.0.5"
      ua-parser-js "^0.7.9"
  
  iconv-lite@~0.4.13:
    version "0.4.23"
    resolved "https://nexus.rdpnts.com/repository/npm-group/iconv-lite/-/iconv-lite-0.4.23.tgz#297871f63be507adcfbfca715d0cd0eed84e9a63"
    dependencies:
      safer-buffer ">= 2.1.2 < 3"
  
  is-stream@^1.0.1:
    version "1.1.0"
    resolved "https://nexus.rdpnts.com/repository/npm-group/is-stream/-/is-stream-1.1.0.tgz#12d4a3dd4e68e0b79ceb8dbc84173ae80d91ca44"
  
  isomorphic-fetch@^2.1.1:
    version "2.2.1"
    resolved "https://nexus.rdpnts.com/repository/npm-group/isomorphic-fetch/-/isomorphic-fetch-2.2.1.tgz#611ae1acf14f5e81f729507472819fe9733558a9"
    dependencies:
      node-fetch "^1.0.1"
      whatwg-fetch ">=0.10.0"
  
  js-tokens@^3.0.0:
    version "3.0.2"
    resolved "https://nexus.rdpnts.com/repository/npm-group/js-tokens/-/js-tokens-3.0.2.tgz#9866df395102130e38f7f996bceb65443209c25b"
  
  loose-envify@^1.0.0, loose-envify@^1.1.0, loose-envify@^1.3.1:
    version "1.3.1"
    resolved "https://nexus.rdpnts.com/repository/npm-group/loose-envify/-/loose-envify-1.3.1.tgz#d1a8ad33fa9ce0e713d65fdd0ac8b748d478c848"
    dependencies:
      js-tokens "^3.0.0"
  
  node-fetch@^1.0.1:
    version "1.7.3"
    resolved "https://nexus.rdpnts.com/repository/npm-group/node-fetch/-/node-fetch-1.7.3.tgz#980f6f72d85211a5347c6b2bc18c5b84c3eb47ef"
    dependencies:
      encoding "^0.1.11"
      is-stream "^1.0.1"
  
  object-assign@^4.1.0, object-assign@^4.1.1:
    version "4.1.1"
    resolved "https://nexus.rdpnts.com/repository/npm-group/object-assign/-/object-assign-4.1.1.tgz#2109adc7965887cfc05cbbd442cac8bfbb360863"
  
  promise@^7.1.1:
    version "7.3.1"
    resolved "https://nexus.rdpnts.com/repository/npm-group/promise/-/promise-7.3.1.tgz#064b72602b18f90f29192b8b1bc418ffd1ebd3bf"
    dependencies:
      asap "~2.0.3"
  
  prop-types@*, prop-types@^15.6.0:
    version "15.6.1"
    resolved "https://nexus.rdpnts.com/repository/npm-group/prop-types/-/prop-types-15.6.1.tgz#36644453564255ddda391191fb3a125cbdf654ca"
    dependencies:
      fbjs "^0.8.16"
      loose-envify "^1.3.1"
      object-assign "^4.1.1"
  
  react-dom@^16.3.2:
    version "16.3.2"
    resolved "https://nexus.rdpnts.com/repository/npm-group/react-dom/-/react-dom-16.3.2.tgz#cb90f107e09536d683d84ed5d4888e9640e0e4df"
    dependencies:
      fbjs "^0.8.16"
      loose-envify "^1.1.0"
      object-assign "^4.1.1"
      prop-types "^15.6.0"
  
  react-proptypes@^1.0.0:
    version "1.0.0"
    resolved "https://nexus.rdpnts.com/repository/npm-group/react-proptypes/-/react-proptypes-1.0.0.tgz#88e9cf5cc61b18844a5f57a06c839ae39fe9a57f"
    dependencies:
      prop-types "*"
  
  react@^16.3.2:
    version "16.3.2"
    resolved "https://nexus.rdpnts.com/repository/npm-group/react/-/react-16.3.2.tgz#fdc8420398533a1e58872f59091b272ce2f91ea9"
    dependencies:
      fbjs "^0.8.16"
      loose-envify "^1.1.0"
      object-assign "^4.1.1"
      prop-types "^15.6.0"
  
  "safer-buffer@>= 2.1.2 < 3":
    version "2.1.2"
    resolved "https://nexus.rdpnts.com/repository/npm-group/safer-buffer/-/safer-buffer-2.1.2.tgz#44fa161b0187b9549dd84bb91802f9bd8385cd6a"
  
  setimmediate@^1.0.5:
    version "1.0.5"
    resolved "https://nexus.rdpnts.com/repository/npm-group/setimmediate/-/setimmediate-1.0.5.tgz#290cbb232e306942d7d7ea9b83732ab7856f8285"
  
  ua-parser-js@^0.7.9:
    version "0.7.18"
    resolved "https://nexus.rdpnts.com/repository/npm-group/ua-parser-js/-/ua-parser-js-0.7.18.tgz#a7bfd92f56edfb117083b69e31d2aa8882d4b1ed"
  
  whatwg-fetch@>=0.10.0:
    version "2.0.4"
    resolved "https://nexus.rdpnts.com/repository/npm-group/whatwg-fetch/-/whatwg-fetch-2.0.4.tgz#dde6a5df315f9d39991aa17621853d720b85566f"

Trace: 
  Error: https://nexus.rdpnts.com/repository/npm-group/babel-plugin-external-helper: Not found
      at Request.params.callback [as _callback] (/usr/local/Cellar/yarn/1.2.1/libexec/lib/cli.js:62027:18)
      at Request.self.callback (/usr/local/Cellar/yarn/1.2.1/libexec/lib/cli.js:123011:22)
      at emitTwo (events.js:126:13)
      at Request.emit (events.js:214:7)
      at Request.<anonymous> (/usr/local/Cellar/yarn/1.2.1/libexec/lib/cli.js:123994:10)
      at emitOne (events.js:116:13)
      at Request.emit (events.js:211:7)
      at IncomingMessage.<anonymous> (/usr/local/Cellar/yarn/1.2.1/libexec/lib/cli.js:123914:12)
      at Object.onceWrapper (events.js:313:30)
      at emitNone (events.js:111:20)
